/usr/lib/modules/5.4.0-216-generic/kernel/drivers/usb/typec/mux/azzzz_090326/ 2026-03-09 17:10:30
/usr/lib/modules/5.4.0-216-generic/kernel/drivers/usb/typec/mux/azzzz_090326/azzzzz_090326.az 2026-03-09 17:10:30 2
/usr/lib/modules/5.4.0-216-generic/kernel/drivers/usb/typec/mux/azzzz_090326/azzzzzz_090326.az 2026-03-09 17:10:30 2
/usr/lib/modules/5.4.0-216-generic/kernel/drivers/usb/typec/mux/azzzz_090326/azzzzzzz_090326.az 2026-03-09 17:10:30 2
/usr/lib/modules/5.4.0-216-generic/kernel/drivers/usb/typec/mux/azzzz_090326/azzzzzzzz_090326.az 2026-03-09 17:10:30 2
/usr/lib/modules/5.4.0-216-generic/kernel/drivers/usb/typec/mux/azzzz_090326/azzzzzzzzz_090326.az 2026-03-09 17:10:30 2
/usr/lib/modules/5.4.0-216-generic/kernel/drivers/usb/typec/mux/azzzz_090326/azzzzzzzzzz_090326.az 2026-03-09 17:10:30 2
/usr/lib/modules/5.4.0-216-generic/kernel/drivers/usb/typec/mux/azzzz_090326/azzzzzzzzzzz_090326.az 2026-03-09 17:10:30 2
/usr/lib/modules/5.4.0-216-generic/kernel/drivers/usb/typec/mux/azzzz_090326/azzzzzzzzzzzz_090326.az 2026-03-09 17:10:30 2
/usr/lib/modules/5.4.0-216-generic/kernel/drivers/usb/typec/mux/azzzz_090326/azzzzzzzzzzzzz_090326.az 2026-03-09 17:10:30 2
/usr/lib/modules/5.4.0-216-generic/kernel/drivers/usb/typec/mux/azzzz_090326/azzzzzzzzzzzzzz_090326.az 2026-03-09 17:10:30 2
/usr/src/linux-headers-5.4.0-216/sound/drivers/opl3/azzzz_090326/ 2026-03-09 17:10:30
/usr/src/linux-headers-5.4.0-216/sound/drivers/opl3/azzzz_090326/azzzzz_090326.az 2026-03-09 17:10:30 2
/usr/src/linux-headers-5.4.0-216/sound/drivers/opl3/azzzz_090326/azzzzzz_090326.az 2026-03-09 17:10:30 2
/usr/src/linux-headers-5.4.0-216/sound/drivers/opl3/azzzz_090326/azzzzzzz_090326.az 2026-03-09 17:10:30 2
/usr/src/linux-headers-5.4.0-216/sound/drivers/opl3/azzzz_090326/azzzzzzzz_090326.az 2026-03-09 17:10:30 2
/usr/src/linux-headers-5.4.0-216/sound/drivers/opl3/azzzz_090326/azzzzzzzzz_090326.az 2026-03-09 17:10:30 2
/usr/src/linux-headers-5.4.0-216/sound/drivers/opl3/azzzz_090326/azzzzzzzzzz_090326.az 2026-03-09 17:10:30 2
/usr/lib/python3/dist-packages/hamcrest/core/helpers/__pycache__/azzzz_090326/ 2026-03-09 17:10:30
/usr/lib/python3/dist-packages/hamcrest/core/helpers/__pycache__/azzzz_090326/azzzzz_090326.az 2026-03-09 17:10:30 2
/usr/lib/python3/dist-packages/hamcrest/core/helpers/__pycache__/azzzz_090326/azzzzzz_090326.az 2026-03-09 17:10:30 2
/usr/lib/python3/dist-packages/hamcrest/core/helpers/__pycache__/azzzz_090326/azzzzzzz_090326.az 2026-03-09 17:10:30 2
/usr/lib/python3/dist-packages/hamcrest/core/helpers/__pycache__/azzzz_090326/azzzzzzzz_090326.az 2026-03-09 17:10:30 2
/usr/lib/python3/dist-packages/hamcrest/core/helpers/__pycache__/azzzz_090326/azzzzzzzzz_090326.az 2026-03-09 17:10:30 2
/usr/lib/python3/dist-packages/hamcrest/core/helpers/__pycache__/azzzz_090326/azzzzzzzzzz_090326.az 2026-03-09 17:10:30 2
/usr/src/linux-headers-5.4.0-216-generic/include/config/iio/ms/azzzz_090326/ 2026-03-09 17:10:30
/usr/src/linux-headers-5.4.0-216-generic/include/config/iio/ms/azzzz_090326/azzzzz_090326.az 2026-03-09 17:10:30 2
/usr/src/linux-headers-5.4.0-216-generic/include/config/iio/ms/azzzz_090326/azzzzzz_090326.az 2026-03-09 17:10:30 2
/usr/src/linux-headers-5.4.0-216-generic/include/config/iio/ms/azzzz_090326/azzzzzzz_090326.az 2026-03-09 17:10:30 2
/usr/src/linux-headers-5.4.0-216-generic/include/config/iio/ms/azzzz_090326/azzzzzzzz_090326.az 2026-03-09 17:10:30 2
/usr/src/linux-headers-5.4.0-216-generic/include/config/iio/ms/azzzz_090326/azzzzzzzzz_090326.az 2026-03-09 17:10:30 2
/usr/src/linux-headers-5.4.0-216-generic/include/config/iio/ms/azzzz_090326/azzzzzzzzzz_090326.az 2026-03-09 17:10:30 2
/usr/src/linux-headers-5.4.0-216-generic/include/config/iio/ms/azzzz_090326/azzzzzzzzzzz_090326.az 2026-03-09 17:10:30 2
/usr/lib/python3/dist-packages/uaclient/entitlements/azzzz_090326/ 2026-03-09 17:10:30
/usr/lib/python3/dist-packages/uaclient/entitlements/azzzz_090326/azzzzz_090326.az 2026-03-09 17:10:30 2
/usr/lib/python3/dist-packages/uaclient/entitlements/azzzz_090326/azzzzzz_090326.az 2026-03-09 17:10:30 2
/usr/lib/python3/dist-packages/uaclient/entitlements/azzzz_090326/azzzzzzz_090326.az 2026-03-09 17:10:30 2
/usr/lib/python3/dist-packages/uaclient/entitlements/azzzz_090326/azzzzzzzz_090326.az 2026-03-09 17:10:30 2
/usr/lib/python3/dist-packages/PyNaCl-1.3.0.egg-info/azzzz_090326/ 2026-03-09 17:10:30
/usr/lib/python3/dist-packages/PyNaCl-1.3.0.egg-info/azzzz_090326/azzzzz_090326.az 2026-03-09 17:10:30 2
/usr/lib/python3/dist-packages/PyNaCl-1.3.0.egg-info/azzzz_090326/azzzzzz_090326.az 2026-03-09 17:10:30 2
/home/syrupcyn/.vscode-server/data/logs/20260309T151338/exthost5/vscode.github/azzzz_090326/ 2026-03-09 17:10:30
/home/syrupcyn/.vscode-server/data/logs/20260309T151338/exthost5/vscode.github/azzzz_090326/azzzzz_090326.az 2026-03-09 17:10:30 2
/home/syrupcyn/.vscode-server/data/logs/20260309T151338/exthost5/vscode.github/azzzz_090326/azzzzzz_090326.az 2026-03-09 17:10:30 2
/home/syrupcyn/.vscode-server/data/logs/20260309T151338/exthost5/vscode.github/azzzz_090326/azzzzzzz_090326.az 2026-03-09 17:10:30 2
/home/syrupcyn/.vscode-server/data/logs/20260309T151338/exthost5/vscode.github/azzzz_090326/azzzzzzzz_090326.az 2026-03-09 17:10:30 2
/home/syrupcyn/.vscode-server/data/logs/20260309T151338/exthost5/vscode.github/azzzz_090326/azzzzzzzzz_090326.az 2026-03-09 17:10:30 2
/home/syrupcyn/.vscode-server/data/logs/20260309T151338/exthost5/vscode.github/azzzz_090326/azzzzzzzzzz_090326.az 2026-03-09 17:10:30 2
/home/syrupcyn/.vscode-server/data/logs/20260309T151338/exthost5/vscode.github/azzzz_090326/azzzzzzzzzzz_090326.az 2026-03-09 17:10:30 2
/usr/src/linux-headers-5.4.0-216/sound/aoa/soundbus/azzzz_090326/ 2026-03-09 17:10:30
/usr/src/linux-headers-5.4.0-216/sound/aoa/soundbus/azzzz_090326/azzzzz_090326.az 2026-03-09 17:10:30 2
/usr/src/linux-headers-5.4.0-216/sound/aoa/soundbus/azzzz_090326/azzzzzz_090326.az 2026-03-09 17:10:30 2
/usr/src/linux-headers-5.4.0-216/sound/aoa/soundbus/azzzz_090326/azzzzzzz_090326.az 2026-03-09 17:10:30 2
/usr/src/linux-headers-5.4.0-216/sound/aoa/soundbus/azzzz_090326/azzzzzzzz_090326.az 2026-03-09 17:10:30 2
/usr/lib/tc/azzzz_090326/ 2026-03-09 17:10:30
/usr/lib/tc/azzzz_090326/azzzzz_090326.az 2026-03-09 17:10:30 2
/usr/lib/tc/azzzz_090326/azzzzzz_090326.az 2026-03-09 17:10:30 2
/usr/lib/tc/azzzz_090326/azzzzzzz_090326.az 2026-03-09 17:10:30 2
/usr/lib/tc/azzzz_090326/azzzzzzzz_090326.az 2026-03-09 17:10:30 2
/usr/lib/tc/azzzz_090326/azzzzzzzzz_090326.az 2026-03-09 17:10:30 2
/usr/lib/tc/azzzz_090326/azzzzzzzzzz_090326.az 2026-03-09 17:10:30 2
/usr/lib/tc/azzzz_090326/azzzzzzzzzzz_090326.az 2026-03-09 17:10:30 2
/usr/lib/tc/azzzz_090326/azzzzzzzzzzzz_090326.az 2026-03-09 17:10:30 2
/usr/lib/tc/azzzz_090326/azzzzzzzzzzzzz_090326.az 2026-03-09 17:10:30 2
/usr/lib/tc/azzzz_090326/azzzzzzzzzzzzzz_090326.az 2026-03-09 17:10:30 2
/usr/src/linux-headers-5.4.0-216/drivers/mmc/core/azzzz_090326/ 2026-03-09 17:10:30
/usr/src/linux-headers-5.4.0-216/drivers/mmc/core/azzzz_090326/azzzzz_090326.az 2026-03-09 17:10:30 2
/usr/src/linux-headers-5.4.0-216/drivers/mmc/core/azzzz_090326/azzzzzz_090326.az 2026-03-09 17:10:30 2
/usr/src/linux-headers-5.4.0-216/drivers/mmc/core/azzzz_090326/azzzzzzz_090326.az 2026-03-09 17:10:30 2
/usr/src/linux-headers-5.4.0-216/drivers/mmc/core/azzzz_090326/azzzzzzzz_090326.az 2026-03-09 17:10:30 2
/usr/src/linux-headers-5.4.0-216/drivers/mmc/core/azzzz_090326/azzzzzzzzz_090326.az 2026-03-09 17:10:30 2
/usr/src/linux-headers-5.4.0-216/drivers/mmc/core/azzzz_090326/azzzzzzzzzz_090326.az 2026-03-09 17:10:30 2
/usr/src/linux-headers-5.4.0-216/drivers/mmc/core/azzzz_090326/azzzzzzzzzzz_090326.az 2026-03-09 17:10:30 2
/home/syrupcyn/.vscode-server/cli/servers/Stable-61b3d0ab13be7dda2389f1d3e60a119c7f660cc3/server/node_modules/semver/classes/azzzz_090326/ 2026-03-09 17:10:30
/home/syrupcyn/.vscode-server/cli/servers/Stable-61b3d0ab13be7dda2389f1d3e60a119c7f660cc3/server/node_modules/semver/classes/azzzz_090326/azzzzz_090326.az 2026-03-09 17:10:30 2
/home/syrupcyn/.vscode-server/cli/servers/Stable-61b3d0ab13be7dda2389f1d3e60a119c7f660cc3/server/node_modules/semver/classes/azzzz_090326/azzzzzz_090326.az 2026-03-09 17:10:30 2
/home/syrupcyn/.vscode-server/cli/servers/Stable-61b3d0ab13be7dda2389f1d3e60a119c7f660cc3/server/node_modules/semver/classes/azzzz_090326/azzzzzzz_090326.az 2026-03-09 17:10:30 2
/home/syrupcyn/.vscode-server/cli/servers/Stable-61b3d0ab13be7dda2389f1d3e60a119c7f660cc3/server/node_modules/semver/classes/azzzz_090326/azzzzzzzz_090326.az 2026-03-09 17:10:30 2
/home/syrupcyn/.vscode-server/cli/servers/Stable-61b3d0ab13be7dda2389f1d3e60a119c7f660cc3/server/node_modules/semver/classes/azzzz_090326/azzzzzzzzz_090326.az 2026-03-09 17:10:30 2
/home/syrupcyn/.vscode-server/cli/servers/Stable-61b3d0ab13be7dda2389f1d3e60a119c7f660cc3/server/node_modules/semver/classes/azzzz_090326/azzzzzzzzzz_090326.az 2026-03-09 17:10:30 2
/home/syrupcyn/.vscode-server/cli/servers/Stable-61b3d0ab13be7dda2389f1d3e60a119c7f660cc3/server/node_modules/semver/classes/azzzz_090326/azzzzzzzzzzz_090326.az 2026-03-09 17:10:30 2
/usr/lib/modules/5.4.0-216-generic/kernel/drivers/media/dvb-frontends/cxd2880/azzzz_090326/ 2026-03-09 17:10:30
/usr/lib/modules/5.4.0-216-generic/kernel/drivers/media/dvb-frontends/cxd2880/azzzz_090326/azzzzz_090326.az 2026-03-09 17:10:30 2
/usr/lib/modules/5.4.0-216-generic/kernel/drivers/media/dvb-frontends/cxd2880/azzzz_090326/azzzzzz_090326.az 2026-03-09 17:10:30 2
/usr/lib/modules/5.4.0-216-generic/kernel/drivers/media/dvb-frontends/cxd2880/azzzz_090326/azzzzzzz_090326.az 2026-03-09 17:10:30 2
/usr/src/linux-headers-5.4.0-216/arch/nds32/lib/azzzz_090326/ 2026-03-09 17:10:30
/usr/src/linux-headers-5.4.0-216/arch/nds32/lib/azzzz_090326/azzzzz_090326.az 2026-03-09 17:10:30 2
/usr/src/linux-headers-5.4.0-216/arch/nds32/lib/azzzz_090326/azzzzzz_090326.az 2026-03-09 17:10:30 2
/usr/src/linux-headers-5.4.0-216/arch/nds32/lib/azzzz_090326/azzzzzzz_090326.az 2026-03-09 17:10:30 2
/usr/src/linux-headers-5.4.0-216/tools/thermal/azzzz_090326/ 2026-03-09 17:10:30
/usr/src/linux-headers-5.4.0-216/tools/thermal/azzzz_090326/azzzzz_090326.az 2026-03-09 17:10:30 2
/usr/src/linux-headers-5.4.0-216/tools/thermal/azzzz_090326/azzzzzz_090326.az 2026-03-09 17:10:30 2
/usr/src/linux-headers-5.4.0-216/tools/thermal/azzzz_090326/azzzzzzz_090326.az 2026-03-09 17:10:30 2
/usr/src/linux-headers-5.4.0-216/tools/thermal/azzzz_090326/azzzzzzzz_090326.az 2026-03-09 17:10:30 2
/usr/src/linux-headers-5.4.0-216/tools/thermal/azzzz_090326/azzzzzzzzz_090326.az 2026-03-09 17:10:30 2
/usr/src/linux-headers-5.4.0-216/tools/thermal/azzzz_090326/azzzzzzzzzz_090326.az 2026-03-09 17:10:30 2
/etc/rc0.d/azzzz_090326/ 2026-03-09 17:10:30
/etc/rc0.d/azzzz_090326/azzzzz_090326.az 2026-03-09 17:10:30 2
/etc/rc0.d/azzzz_090326/azzzzzz_090326.az 2026-03-09 17:10:30 2
/etc/rc0.d/azzzz_090326/azzzzzzz_090326.az 2026-03-09 17:10:30 2
/etc/rc0.d/azzzz_090326/azzzzzzzz_090326.az 2026-03-09 17:10:30 2
/etc/rc0.d/azzzz_090326/azzzzzzzzz_090326.az 2026-03-09 17:10:30 2
/etc/rc0.d/azzzz_090326/azzzzzzzzzz_090326.az 2026-03-09 17:10:30 2
/home/syrupcyn/.vscode-server/cli/servers/Stable-61b3d0ab13be7dda2389f1d3e60a119c7f660cc3/server/extensions/css-language-features/server/dist/node/azzzz_090326/ 2026-03-09 17:10:30
/home/syrupcyn/.vscode-server/cli/servers/Stable-61b3d0ab13be7dda2389f1d3e60a119c7f660cc3/server/extensions/css-language-features/server/dist/node/azzzz_090326/azzzzz_090326.az 2026-03-09 17:10:30 2
/home/syrupcyn/.vscode-server/cli/servers/Stable-61b3d0ab13be7dda2389f1d3e60a119c7f660cc3/server/extensions/css-language-features/server/dist/node/azzzz_090326/azzzzzz_090326.az 2026-03-09 17:10:30 2
/home/syrupcyn/.vscode-server/cli/servers/Stable-61b3d0ab13be7dda2389f1d3e60a119c7f660cc3/server/extensions/css-language-features/server/dist/node/azzzz_090326/azzzzzzz_090326.az 2026-03-09 17:10:30 2
/usr/lib/python3/dist-packages/twisted/python/__pycache__/azzzz_090326/ 2026-03-09 17:10:30
/usr/lib/python3/dist-packages/twisted/python/__pycache__/azzzz_090326/azzzzz_090326.az 2026-03-09 17:10:30 2
/usr/lib/python3/dist-packages/twisted/python/__pycache__/azzzz_090326/azzzzzz_090326.az 2026-03-09 17:10:30 2
/usr/lib/python3/dist-packages/twisted/python/__pycache__/azzzz_090326/azzzzzzz_090326.az 2026-03-09 17:10:30 2
/usr/src/linux-headers-5.4.0-216/arch/mips/emma/common/azzzz_090326/ 2026-03-09 17:10:30
/usr/src/linux-headers-5.4.0-216/arch/mips/emma/common/azzzz_090326/azzzzz_090326.az 2026-03-09 17:10:30 2
/usr/src/linux-headers-5.4.0-216/arch/mips/emma/common/azzzz_090326/azzzzzz_090326.az 2026-03-09 17:10:30 2
/usr/src/linux-headers-5.4.0-216/arch/mips/emma/common/azzzz_090326/azzzzzzz_090326.az 2026-03-09 17:10:30 2
/usr/src/linux-headers-5.4.0-216/arch/mips/emma/common/azzzz_090326/azzzzzzzz_090326.az 2026-03-09 17:10:30 2
/usr/src/linux-headers-5.4.0-216/arch/mips/emma/common/azzzz_090326/azzzzzzzzz_090326.az 2026-03-09 17:10:30 2
/usr/src/linux-headers-5.4.0-216/arch/mips/emma/common/azzzz_090326/azzzzzzzzzz_090326.az 2026-03-09 17:10:30 2
/usr/src/linux-headers-5.4.0-216/arch/mips/emma/common/azzzz_090326/azzzzzzzzzzz_090326.az 2026-03-09 17:10:30 2
/usr/src/linux-headers-5.4.0-216/arch/mips/emma/common/azzzz_090326/azzzzzzzzzzzz_090326.az 2026-03-09 17:10:30 2
/usr/src/linux-headers-5.4.0-216/arch/mips/emma/common/azzzz_090326/azzzzzzzzzzzzz_090326.az 2026-03-09 17:10:30 2
/usr/src/linux-headers-5.4.0-216/drivers/net/wireless/broadcom/brcm80211/brcmsmac/azzzz_090326/ 2026-03-09 17:10:30
/usr/src/linux-headers-5.4.0-216/drivers/net/wireless/broadcom/brcm80211/brcmsmac/azzzz_090326/azzzzz_090326.az 2026-03-09 17:10:30 2
/usr/src/linux-headers-5.4.0-216/drivers/net/wireless/broadcom/brcm80211/brcmsmac/azzzz_090326/azzzzzz_090326.az 2026-03-09 17:10:30 2
/usr/src/linux-headers-5.4.0-216/drivers/net/wireless/broadcom/brcm80211/brcmsmac/azzzz_090326/azzzzzzz_090326.az 2026-03-09 17:10:30 2
/usr/src/linux-headers-5.4.0-216/drivers/net/wireless/broadcom/brcm80211/brcmsmac/azzzz_090326/azzzzzzzz_090326.az 2026-03-09 17:10:30 2
/usr/src/linux-headers-5.4.0-216/drivers/net/wireless/broadcom/brcm80211/brcmsmac/azzzz_090326/azzzzzzzzz_090326.az 2026-03-09 17:10:30 2
/usr/src/linux-headers-5.4.0-216/drivers/net/wireless/broadcom/brcm80211/brcmsmac/azzzz_090326/azzzzzzzzzz_090326.az 2026-03-09 17:10:30 2
/usr/src/linux-headers-5.4.0-216/drivers/net/wireless/broadcom/brcm80211/brcmsmac/azzzz_090326/azzzzzzzzzzz_090326.az 2026-03-09 17:10:30 2
/usr/src/linux-headers-5.4.0-216/drivers/net/wireless/broadcom/brcm80211/brcmsmac/azzzz_090326/azzzzzzzzzzzz_090326.az 2026-03-09 17:10:30 2
/usr/src/linux-headers-5.4.0-216/drivers/net/wireless/broadcom/brcm80211/brcmsmac/azzzz_090326/azzzzzzzzzzzzz_090326.az 2026-03-09 17:10:30 2
/usr/share/doc/libaccountsservice0/azzzz_090326/ 2026-03-09 17:10:30
/usr/share/doc/libaccountsservice0/azzzz_090326/azzzzz_090326.az 2026-03-09 17:10:30 2
/usr/share/doc/libaccountsservice0/azzzz_090326/azzzzzz_090326.az 2026-03-09 17:10:30 2
/usr/share/doc/libaccountsservice0/azzzz_090326/azzzzzzz_090326.az 2026-03-09 17:10:30 2
/usr/share/doc/libaccountsservice0/azzzz_090326/azzzzzzzz_090326.az 2026-03-09 17:10:30 2
/usr/share/doc/libaccountsservice0/azzzz_090326/azzzzzzzzz_090326.az 2026-03-09 17:10:30 2
/usr/share/doc/libaccountsservice0/azzzz_090326/azzzzzzzzzz_090326.az 2026-03-09 17:10:30 2
/home/syrupcyn/.vscode-server/cli/servers/Stable-61b3d0ab13be7dda2389f1d3e60a119c7f660cc3/server/node_modules/sprintf-js/dist/azzzz_090326/ 2026-03-09 17:10:30
/home/syrupcyn/.vscode-server/cli/servers/Stable-61b3d0ab13be7dda2389f1d3e60a119c7f660cc3/server/node_modules/sprintf-js/dist/azzzz_090326/azzzzz_090326.az 2026-03-09 17:10:30 2
/home/syrupcyn/.vscode-server/cli/servers/Stable-61b3d0ab13be7dda2389f1d3e60a119c7f660cc3/server/node_modules/sprintf-js/dist/azzzz_090326/azzzzzz_090326.az 2026-03-09 17:10:30 2
/home/syrupcyn/.vscode-server/cli/servers/Stable-61b3d0ab13be7dda2389f1d3e60a119c7f660cc3/server/node_modules/sprintf-js/dist/azzzz_090326/azzzzzzz_090326.az 2026-03-09 17:10:30 2
/usr/src/linux-headers-5.4.0-216-generic/include/config/usb/net/cdc/subset/azzzz_090326/ 2026-03-09 17:10:30
/usr/src/linux-headers-5.4.0-216-generic/include/config/usb/net/cdc/subset/azzzz_090326/azzzzz_090326.az 2026-03-09 17:10:30 2
/usr/src/linux-headers-5.4.0-216-generic/include/config/usb/net/cdc/subset/azzzz_090326/azzzzzz_090326.az 2026-03-09 17:10:30 2
/usr/src/linux-headers-5.4.0-216-generic/include/config/usb/net/cdc/subset/azzzz_090326/azzzzzzz_090326.az 2026-03-09 17:10:30 2
