DIR  | /home/kali/Desktop/aaaz_280226 | 2026-02-28 10:58:42
FILE | /home/kali/Desktop/aaaz_280226/aaaz_280226.az | 2026-02-28 10:58:42 | 3KB
FILE | /home/kali/Desktop/aaaz_280226/aaazz_280226.az | 2026-02-28 10:58:42 | 3KB
FILE | /home/kali/Desktop/aaaz_280226/aaazzz_280226.az | 2026-02-28 10:58:42 | 3KB
FILE | /home/kali/Desktop/aaaz_280226/aaazzzz_280226.az | 2026-02-28 10:58:42 | 3KB
FILE | /home/kali/Desktop/aaaz_280226/aaazzzzz_280226.az | 2026-02-28 10:58:42 | 3KB
DIR  | /home/kali/Desktop/aaazz_280226 | 2026-02-28 10:58:42
FILE | /home/kali/Desktop/aaazz_280226/aaaz_280226.az | 2026-02-28 10:58:42 | 3KB
FILE | /home/kali/Desktop/aaazz_280226/aaazz_280226.az | 2026-02-28 10:58:42 | 3KB
FILE | /home/kali/Desktop/aaazz_280226/aaazzz_280226.az | 2026-02-28 10:58:42 | 3KB
FILE | /home/kali/Desktop/aaazz_280226/aaazzzz_280226.az | 2026-02-28 10:58:42 | 3KB
FILE | /home/kali/Desktop/aaazz_280226/aaazzzzz_280226.az | 2026-02-28 10:58:42 | 3KB
DIR  | /home/kali/Desktop/aaazzz_280226 | 2026-02-28 10:58:42
FILE | /home/kali/Desktop/aaazzz_280226/aaaz_280226.az | 2026-02-28 10:58:42 | 3KB
FILE | /home/kali/Desktop/aaazzz_280226/aaazz_280226.az | 2026-02-28 10:58:42 | 3KB
FILE | /home/kali/Desktop/aaazzz_280226/aaazzz_280226.az | 2026-02-28 10:58:42 | 3KB
FILE | /home/kali/Desktop/aaazzz_280226/aaazzzz_280226.az | 2026-02-28 10:58:42 | 3KB
FILE | /home/kali/Desktop/aaazzz_280226/aaazzzzz_280226.az | 2026-02-28 10:58:43 | 3KB
DIR  | /home/kali/Desktop/aaazzzz_280226 | 2026-02-28 10:58:43
FILE | /home/kali/Desktop/aaazzzz_280226/aaaz_280226.az | 2026-02-28 10:58:43 | 3KB
FILE | /home/kali/Desktop/aaazzzz_280226/aaazz_280226.az | 2026-02-28 10:58:43 | 3KB
FILE | /home/kali/Desktop/aaazzzz_280226/aaazzz_280226.az | 2026-02-28 10:58:43 | 3KB
FILE | /home/kali/Desktop/aaazzzz_280226/aaazzzz_280226.az | 2026-02-28 10:58:43 | 3KB
FILE | /home/kali/Desktop/aaazzzz_280226/aaazzzzz_280226.az | 2026-02-28 10:58:43 | 3KB
