PATH: /home/kali/Desktop/aaaaaz_280226, DATE: 28:02:26, NAME: aaaaaz_280226
PATH: /home/kali/Desktop/aaaaaz_280226/aaaaaz_280226.az, DATE: 28:02:26, NAME: aaaaaz_280226.az, SIZE: 3
PATH: /home/kali/Desktop/aaaaaz_280226/azzzzz_280226.az, DATE: 28:02:26, NAME: azzzzz_280226.az, SIZE: 3
PATH: /home/kali/Desktop/aaaaaz_280226/aaaaaz_280226.az, DATE: 28:02:26, NAME: aaaaaz_280226.az, SIZE: 3
PATH: /home/kali/Desktop/aaaaaz_280226/azzzzz_280226.az, DATE: 28:02:26, NAME: azzzzz_280226.az, SIZE: 3
PATH: /home/kali/Desktop/aaaaaz_280226/aaaaaz_280226.az, DATE: 28:02:26, NAME: aaaaaz_280226.az, SIZE: 3
PATH: /home/kali/Desktop/azzzzz_280226, DATE: 28:02:26, NAME: azzzzz_280226
PATH: /home/kali/Desktop/azzzzz_280226/aaaaaz_280226.az, DATE: 28:02:26, NAME: aaaaaz_280226.az, SIZE: 3
PATH: /home/kali/Desktop/azzzzz_280226/azzzzz_280226.az, DATE: 28:02:26, NAME: azzzzz_280226.az, SIZE: 3
PATH: /home/kali/Desktop/azzzzz_280226/aaaaaz_280226.az, DATE: 28:02:26, NAME: aaaaaz_280226.az, SIZE: 3
PATH: /home/kali/Desktop/azzzzz_280226/azzzzz_280226.az, DATE: 28:02:26, NAME: azzzzz_280226.az, SIZE: 3
PATH: /home/kali/Desktop/azzzzz_280226/aaaaaz_280226.az, DATE: 28:02:26, NAME: aaaaaz_280226.az, SIZE: 3
PATH: /home/kali/Desktop/aaaaaz_280226, DATE: 28:02:26, NAME: aaaaaz_280226
PATH: /home/kali/Desktop/aaaaaz_280226/aaaaaz_280226.az, DATE: 28:02:26, NAME: aaaaaz_280226.az, SIZE: 3
PATH: /home/kali/Desktop/aaaaaz_280226/azzzzz_280226.az, DATE: 28:02:26, NAME: azzzzz_280226.az, SIZE: 3
PATH: /home/kali/Desktop/aaaaaz_280226/aaaaaz_280226.az, DATE: 28:02:26, NAME: aaaaaz_280226.az, SIZE: 3
PATH: /home/kali/Desktop/aaaaaz_280226/azzzzz_280226.az, DATE: 28:02:26, NAME: azzzzz_280226.az, SIZE: 3
PATH: /home/kali/Desktop/aaaaaz_280226/aaaaaz_280226.az, DATE: 28:02:26, NAME: aaaaaz_280226.az, SIZE: 3
PATH: /home/kali/Desktop/azzzzz_280226, DATE: 28:02:26, NAME: azzzzz_280226
PATH: /home/kali/Desktop/azzzzz_280226/aaaaaz_280226.az, DATE: 28:02:26, NAME: aaaaaz_280226.az, SIZE: 3
PATH: /home/kali/Desktop/azzzzz_280226/azzzzz_280226.az, DATE: 28:02:26, NAME: azzzzz_280226.az, SIZE: 3
PATH: /home/kali/Desktop/azzzzz_280226/aaaaaz_280226.az, DATE: 28:02:26, NAME: aaaaaz_280226.az, SIZE: 3
PATH: /home/kali/Desktop/azzzzz_280226/azzzzz_280226.az, DATE: 28:02:26, NAME: azzzzz_280226.az, SIZE: 3
PATH: /home/kali/Desktop/azzzzz_280226/aaaaaz_280226.az, DATE: 28:02:26, NAME: aaaaaz_280226.az, SIZE: 3
PATH: /home/kali/Desktop/aaaz_280226, DATE: 28:02:26, NAME: aaaz_280226
PATH: /home/kali/Desktop/aaaz_280226/aaaz_280226.az, DATE: 28:02:26, NAME: aaaz_280226.az, SIZE: 3
PATH: /home/kali/Desktop/aaaz_280226/azzz_280226.az, DATE: 28:02:26, NAME: azzz_280226.az, SIZE: 3
PATH: /home/kali/Desktop/aaaz_280226/aaaz_280226.az, DATE: 28:02:26, NAME: aaaz_280226.az, SIZE: 3
PATH: /home/kali/Desktop/aaaz_280226/azzz_280226.az, DATE: 28:02:26, NAME: azzz_280226.az, SIZE: 3
PATH: /home/kali/Desktop/aaaz_280226/aaaaz_280226.az, DATE: 28:02:26, NAME: aaaaz_280226.az, SIZE: 3
PATH: /home/kali/Desktop/azzz_280226, DATE: 28:02:26, NAME: azzz_280226
PATH: /home/kali/Desktop/azzz_280226/aaaz_280226.az, DATE: 28:02:26, NAME: aaaz_280226.az, SIZE: 3
PATH: /home/kali/Desktop/azzz_280226/azzz_280226.az, DATE: 28:02:26, NAME: azzz_280226.az, SIZE: 3
PATH: /home/kali/Desktop/azzz_280226/aaaz_280226.az, DATE: 28:02:26, NAME: aaaz_280226.az, SIZE: 3
PATH: /home/kali/Desktop/azzz_280226/azzz_280226.az, DATE: 28:02:26, NAME: azzz_280226.az, SIZE: 3
PATH: /home/kali/Desktop/azzz_280226/aaaaz_280226.az, DATE: 28:02:26, NAME: aaaaz_280226.az, SIZE: 3
PATH: /home/kali/Desktop/aaaz_280226, DATE: 28:02:26, NAME: aaaz_280226
PATH: /home/kali/Desktop/aaaz_280226/aaaz_280226.az, DATE: 28:02:26, NAME: aaaz_280226.az, SIZE: 3
PATH: /home/kali/Desktop/aaaz_280226/azzz_280226.az, DATE: 28:02:26, NAME: azzz_280226.az, SIZE: 3
PATH: /home/kali/Desktop/aaaz_280226/aaaz_280226.az, DATE: 28:02:26, NAME: aaaz_280226.az, SIZE: 3
PATH: /home/kali/Desktop/aaaz_280226/azzz_280226.az, DATE: 28:02:26, NAME: azzz_280226.az, SIZE: 3
PATH: /home/kali/Desktop/aaaz_280226/aaaaz_280226.az, DATE: 28:02:26, NAME: aaaaz_280226.az, SIZE: 3
PATH: /home/kali/Desktop/azzz_280226, DATE: 28:02:26, NAME: azzz_280226
PATH: /home/kali/Desktop/azzz_280226/aaaz_280226.az, DATE: 28:02:26, NAME: aaaz_280226.az, SIZE: 3
PATH: /home/kali/Desktop/azzz_280226/azzz_280226.az, DATE: 28:02:26, NAME: azzz_280226.az, SIZE: 3
PATH: /home/kali/Desktop/azzz_280226/aaaz_280226.az, DATE: 28:02:26, NAME: aaaz_280226.az, SIZE: 3
PATH: /home/kali/Desktop/azzz_280226/azzz_280226.az, DATE: 28:02:26, NAME: azzz_280226.az, SIZE: 3
PATH: /home/kali/Desktop/azzz_280226/aaaaz_280226.az, DATE: 28:02:26, NAME: aaaaz_280226.az, SIZE: 3
